#
# A fatal error has been detected by the Java Runtime Environment:
#
#  Internal Error (t:/workspace/open/src/hotspot/share/oops/generateOopMap.cpp:2164), pid=7592, tid=2056
#  fatal error: Illegal class file encountered. Try running with -Xverify:all in method testUpdateWeeks
#
# JRE version: Java(TM) SE Runtime Environment (12.0.1+12) (build 12.0.1+12)
# Java VM: Java HotSpot(TM) 64-Bit Server VM (12.0.1+12, mixed mode, sharing, tiered, compressed oops, g1 gc, windows-amd64)
# No core dump will be written. Minidumps are not enabled by default on client versions of Windows
#
# If you would like to submit a bug report, please visit:
#   http://bugreport.java.com/bugreport/crash.jsp
#

---------------  S U M M A R Y ------------

Command Line: -agentlib:jdwp=transport=dt_socket,suspend=y,address=localhost:51751 -ea -javaagent:C:\Users\tala\eclipse\java-latest-released\eclipse\configuration\org.eclipse.osgi\224\0\.cp\lib\javaagent-shaded.jar -Dfile.encoding=Cp1256 org.eclipse.jdt.internal.junit.runner.RemoteTestRunner -version 3 -port 51750 -testLoaderClass org.eclipse.jdt.internal.junit4.runner.JUnit4TestLoader -loaderpluginname org.eclipse.jdt.junit4.runtime -classNames whiteBox3

Host: Intel(R) Core(TM) i5-3320M CPU @ 2.60GHz, 4 cores, 7G,  Windows 7 , 64 bit Build 7601 (6.1.7601.23572)
Time: Sun May 12 19:57:47 2019 Arab Standard Time elapsed time: 4604 seconds (0d 1h 16m 44s)

---------------  T H R E A D  ---------------

Current thread (0x0000000021336000):  VMThread "VM Thread" [stack: 0x00000000221e0000,0x00000000222e0000] [id=2056]

Stack: [0x00000000221e0000,0x00000000222e0000]
[error occurred during error reporting (printing stack bounds), id 0xc0000005, EXCEPTION_ACCESS_VIOLATION (0xc0000005) at pc=0x000000000ab40bad]

Native frames: (J=compiled Java code, j=interpreted, Vv=VM code, C=native code)
V  [jvm.dll+0x63948a]
V  [jvm.dll+0x78b31f]
V  [jvm.dll+0x78c9c1]
V  [jvm.dll+0x78cf75]
V  [jvm.dll+0x78cf2b]
V  [jvm.dll+0x638b84]
V  [jvm.dll+0x638f58]
C  [ntdll.dll+0x2812d]
C  [ntdll.dll+0x1855f]
C  [ntdll.dll+0x4bcb8]
C  0x000000000ab40bad

VM_Operation (0x00000000236ff540): GetOrSetLocal, mode: safepoint, requested by thread 0x0000000022fc5800


---------------  P R O C E S S  ---------------

Threads class SMR info:
_java_thread_list=0x0000000024177310, length=14, elements={
0x00000000003b0800, 0x000000002133a800, 0x000000002133b800, 0x0000000021f02800,
0x0000000021f06000, 0x0000000021f08000, 0x0000000021f76800, 0x0000000021f78000,
0x0000000022002800, 0x0000000022fc5800, 0x0000000022f54000, 0x0000000022f17000,
0x0000000023231000, 0x0000000023145800
}

Java Threads: ( => current thread )
  0x00000000003b0800 JavaThread "main" [_thread_blocked, id=3088, stack(0x0000000002200000,0x0000000002300000)]
  0x000000002133a800 JavaThread "Reference Handler" daemon [_thread_blocked, id=5196, stack(0x00000000220b0000,0x00000000221b0000)]
  0x000000002133b800 JavaThread "Finalizer" daemon [_thread_blocked, id=7788, stack(0x0000000022420000,0x0000000022520000)]
  0x0000000021f02800 JavaThread "Signal Dispatcher" daemon [_thread_blocked, id=6940, stack(0x0000000022590000,0x0000000022690000)]
  0x0000000021f06000 JavaThread "Attach Listener" daemon [_thread_blocked, id=4748, stack(0x0000000022790000,0x0000000022890000)]
  0x0000000021f08000 JavaThread "C2 CompilerThread0" daemon [_thread_blocked, id=3960, stack(0x00000000228a0000,0x00000000229a0000)]
  0x0000000021f76800 JavaThread "C1 CompilerThread0" daemon [_thread_blocked, id=7948, stack(0x0000000022a30000,0x0000000022b30000)]
  0x0000000021f78000 JavaThread "Sweeper thread" daemon [_thread_blocked, id=7640, stack(0x0000000022ba0000,0x0000000022ca0000)]
  0x0000000022002800 JavaThread "Common-Cleaner" daemon [_thread_blocked, id=5212, stack(0x0000000022d40000,0x0000000022e40000)]
  0x0000000022fc5800 JavaThread "JDWP Transport Listener: dt_socket" daemon [_thread_blocked, id=2632, stack(0x0000000023600000,0x0000000023700000)] _threads_hazard_ptr=0x0000000024177310
  0x0000000022f54000 JavaThread "JDWP Event Helper Thread" daemon [_thread_blocked, id=6408, stack(0x00000000238c0000,0x00000000239c0000)]
  0x0000000022f17000 JavaThread "JDWP Command Reader" daemon [_thread_in_native, id=4232, stack(0x0000000023a00000,0x0000000023b00000)]
  0x0000000023231000 JavaThread "Service Thread" daemon [_thread_blocked, id=4592, stack(0x0000000024370000,0x0000000024470000)]
  0x0000000023145800 JavaThread "ReaderThread" [_thread_in_native, id=7880, stack(0x00000000237b0000,0x00000000238b0000)]

Other Threads:
=>0x0000000021336000 VMThread "VM Thread" [stack: 0x00000000221e0000,0x00000000222e0000] [id=2056]
  0x0000000023124800 WatcherThread [stack: 0x00000000234f0000,0x00000000235f0000] [id=6068]
  0x00000000003eb000 GCTaskThread "GC Thread#0" [stack: 0x000000001eb90000,0x000000001ec90000] [id=1388]
  0x000000002404f000 GCTaskThread "GC Thread#1" [stack: 0x00000000246b0000,0x00000000247b0000] [id=7992]
  0x0000000024063000 GCTaskThread "GC Thread#2" [stack: 0x0000000024950000,0x0000000024a50000] [id=5940]
  0x0000000024064000 GCTaskThread "GC Thread#3" [stack: 0x0000000024b20000,0x0000000024c20000] [id=6452]
  0x00000000003f8000 ConcurrentGCThread "G1 Main Marker" [stack: 0x000000001ecf0000,0x000000001edf0000] [id=7856]
  0x00000000003f9800 ConcurrentGCThread "G1 Conc#0" [stack: 0x000000001ee10000,0x000000001ef10000] [id=7144]
  0x000000002128d800 ConcurrentGCThread "G1 Refine#0" [stack: 0x0000000021350000,0x0000000021450000] [id=2444]
  0x000000002128f000 ConcurrentGCThread "G1 Young RemSet Sampling" [stack: 0x0000000021510000,0x0000000021610000] [id=7384]

Threads with active compile tasks:

VM state:at safepoint (normal execution)

VM Mutex/Monitor currently owned by a thread:  ([mutex/lock_event])
[0x00000000003ad700] Threads_lock - owner thread: 0x0000000021336000

Heap address: 0x0000000084c00000, size: 1972 MB, Compressed Oops mode: 32-bit
Narrow klass base: 0x0000000800000000, Narrow klass shift: 3
Compressed class space size: 1073741824 Address: 0x00000008011a0000

Heap:
 garbage-first heap   total 126976K, used 7664K [0x0000000084c00000, 0x0000000100000000)
  region size 1024K, 6 young (6144K), 1 survivors (1024K)
 Metaspace       used 9034K, capacity 9710K, committed 9984K, reserved 1058816K
  class space    used 1345K, capacity 1419K, committed 1536K, reserved 1048576K
Heap Regions: E=young(eden), S=young(survivor), O=old, HS=humongous(starts), HC=humongous(continues), CS=collection set, F=free, A=archive, TAMS=top-at-mark-start (previous, next)
|   0|0x0000000084c00000, 0x0000000084d00000, 0x0000000084d00000|100%| O|  |TAMS 0x0000000084c00000, 0x0000000084c00000| Untracked 
|   1|0x0000000084d00000, 0x0000000084e00000, 0x0000000084e00000|100%| O|  |TAMS 0x0000000084d00000, 0x0000000084d00000| Untracked 
|   2|0x0000000084e00000, 0x0000000084edd000, 0x0000000084f00000| 86%| O|  |TAMS 0x0000000084e00000, 0x0000000084e00000| Untracked 
|   3|0x0000000084f00000, 0x0000000084f00000, 0x0000000085000000|  0%| F|  |TAMS 0x0000000084f00000, 0x0000000084f00000| Untracked 
|   4|0x0000000085000000, 0x0000000085000000, 0x0000000085100000|  0%| F|  |TAMS 0x0000000085000000, 0x0000000085000000| Untracked 
|   5|0x0000000085100000, 0x0000000085100000, 0x0000000085200000|  0%| F|  |TAMS 0x0000000085100000, 0x0000000085100000| Untracked 
|   6|0x0000000085200000, 0x0000000085200000, 0x0000000085300000|  0%| F|  |TAMS 0x0000000085200000, 0x0000000085200000| Untracked 
|   7|0x0000000085300000, 0x0000000085300000, 0x0000000085400000|  0%| F|  |TAMS 0x0000000085300000, 0x0000000085300000| Untracked 
|   8|0x0000000085400000, 0x0000000085400000, 0x0000000085500000|  0%| F|  |TAMS 0x0000000085400000, 0x0000000085400000| Untracked 
|   9|0x0000000085500000, 0x0000000085500000, 0x0000000085600000|  0%| F|  |TAMS 0x0000000085500000, 0x0000000085500000| Untracked 
|  10|0x0000000085600000, 0x0000000085600000, 0x0000000085700000|  0%| F|  |TAMS 0x0000000085600000, 0x0000000085600000| Untracked 
|  11|0x0000000085700000, 0x0000000085700000, 0x0000000085800000|  0%| F|  |TAMS 0x0000000085700000, 0x0000000085700000| Untracked 
|  12|0x0000000085800000, 0x0000000085800000, 0x0000000085900000|  0%| F|  |TAMS 0x0000000085800000, 0x0000000085800000| Untracked 
|  13|0x0000000085900000, 0x0000000085900000, 0x0000000085a00000|  0%| F|  |TAMS 0x0000000085900000, 0x0000000085900000| Untracked 
|  14|0x0000000085a00000, 0x0000000085a00000, 0x0000000085b00000|  0%| F|  |TAMS 0x0000000085a00000, 0x0000000085a00000| Untracked 
|  15|0x0000000085b00000, 0x0000000085b00000, 0x0000000085c00000|  0%| F|  |TAMS 0x0000000085b00000, 0x0000000085b00000| Untracked 
|  16|0x0000000085c00000, 0x0000000085c00000, 0x0000000085d00000|  0%| F|  |TAMS 0x0000000085c00000, 0x0000000085c00000| Untracked 
|  17|0x0000000085d00000, 0x0000000085d00000, 0x0000000085e00000|  0%| F|  |TAMS 0x0000000085d00000, 0x0000000085d00000| Untracked 
|  18|0x0000000085e00000, 0x0000000085e00000, 0x0000000085f00000|  0%| F|  |TAMS 0x0000000085e00000, 0x0000000085e00000| Untracked 
|  19|0x0000000085f00000, 0x0000000085f00000, 0x0000000086000000|  0%| F|  |TAMS 0x0000000085f00000, 0x0000000085f00000| Untracked 
|  20|0x0000000086000000, 0x0000000086000000, 0x0000000086100000|  0%| F|  |TAMS 0x0000000086000000, 0x0000000086000000| Untracked 
|  21|0x0000000086100000, 0x0000000086100000, 0x0000000086200000|  0%| F|  |TAMS 0x0000000086100000, 0x0000000086100000| Untracked 
|  22|0x0000000086200000, 0x0000000086200000, 0x0000000086300000|  0%| F|  |TAMS 0x0000000086200000, 0x0000000086200000| Untracked 
|  23|0x0000000086300000, 0x0000000086300000, 0x0000000086400000|  0%| F|  |TAMS 0x0000000086300000, 0x0000000086300000| Untracked 
|  24|0x0000000086400000, 0x0000000086400000, 0x0000000086500000|  0%| F|  |TAMS 0x0000000086400000, 0x0000000086400000| Untracked 
|  25|0x0000000086500000, 0x0000000086500000, 0x0000000086600000|  0%| F|  |TAMS 0x0000000086500000, 0x0000000086500000| Untracked 
|  26|0x0000000086600000, 0x0000000086600000, 0x0000000086700000|  0%| F|  |TAMS 0x0000000086600000, 0x0000000086600000| Untracked 
|  27|0x0000000086700000, 0x0000000086700000, 0x0000000086800000|  0%| F|  |TAMS 0x0000000086700000, 0x0000000086700000| Untracked 
|  28|0x0000000086800000, 0x0000000086800000, 0x0000000086900000|  0%| F|  |TAMS 0x0000000086800000, 0x0000000086800000| Untracked 
|  29|0x0000000086900000, 0x0000000086900000, 0x0000000086a00000|  0%| F|  |TAMS 0x0000000086900000, 0x0000000086900000| Untracked 
|  30|0x0000000086a00000, 0x0000000086a00000, 0x0000000086b00000|  0%| F|  |TAMS 0x0000000086a00000, 0x0000000086a00000| Untracked 
|  31|0x0000000086b00000, 0x0000000086b00000, 0x0000000086c00000|  0%| F|  |TAMS 0x0000000086b00000, 0x0000000086b00000| Untracked 
|  32|0x0000000086c00000, 0x0000000086c00000, 0x0000000086d00000|  0%| F|  |TAMS 0x0000000086c00000, 0x0000000086c00000| Untracked 
|  33|0x0000000086d00000, 0x0000000086d00000, 0x0000000086e00000|  0%| F|  |TAMS 0x0000000086d00000, 0x0000000086d00000| Untracked 
|  34|0x0000000086e00000, 0x0000000086e00000, 0x0000000086f00000|  0%| F|  |TAMS 0x0000000086e00000, 0x0000000086e00000| Untracked 
|  35|0x0000000086f00000, 0x0000000086f00000, 0x0000000087000000|  0%| F|  |TAMS 0x0000000086f00000, 0x0000000086f00000| Untracked 
|  36|0x0000000087000000, 0x0000000087000000, 0x0000000087100000|  0%| F|  |TAMS 0x0000000087000000, 0x0000000087000000| Untracked 
|  37|0x0000000087100000, 0x0000000087100000, 0x0000000087200000|  0%| F|  |TAMS 0x0000000087100000, 0x0000000087100000| Untracked 
|  38|0x0000000087200000, 0x0000000087200000, 0x0000000087300000|  0%| F|  |TAMS 0x0000000087200000, 0x0000000087200000| Untracked 
|  39|0x0000000087300000, 0x0000000087300000, 0x0000000087400000|  0%| F|  |TAMS 0x0000000087300000, 0x0000000087300000| Untracked 
|  40|0x0000000087400000, 0x0000000087400000, 0x0000000087500000|  0%| F|  |TAMS 0x0000000087400000, 0x0000000087400000| Untracked 
|  41|0x0000000087500000, 0x0000000087500000, 0x0000000087600000|  0%| F|  |TAMS 0x0000000087500000, 0x0000000087500000| Untracked 
|  42|0x0000000087600000, 0x0000000087600000, 0x0000000087700000|  0%| F|  |TAMS 0x0000000087600000, 0x0000000087600000| Untracked 
|  43|0x0000000087700000, 0x0000000087700000, 0x0000000087800000|  0%| F|  |TAMS 0x0000000087700000, 0x0000000087700000| Untracked 
|  44|0x0000000087800000, 0x0000000087800000, 0x0000000087900000|  0%| F|  |TAMS 0x0000000087800000, 0x0000000087800000| Untracked 
|  45|0x0000000087900000, 0x0000000087900000, 0x0000000087a00000|  0%| F|  |TAMS 0x0000000087900000, 0x0000000087900000| Untracked 
|  46|0x0000000087a00000, 0x0000000087a00000, 0x0000000087b00000|  0%| F|  |TAMS 0x0000000087a00000, 0x0000000087a00000| Untracked 
|  47|0x0000000087b00000, 0x0000000087b00000, 0x0000000087c00000|  0%| F|  |TAMS 0x0000000087b00000, 0x0000000087b00000| Untracked 
|  48|0x0000000087c00000, 0x0000000087c00000, 0x0000000087d00000|  0%| F|  |TAMS 0x0000000087c00000, 0x0000000087c00000| Untracked 
|  49|0x0000000087d00000, 0x0000000087d00000, 0x0000000087e00000|  0%| F|  |TAMS 0x0000000087d00000, 0x0000000087d00000| Untracked 
|  50|0x0000000087e00000, 0x0000000087e00000, 0x0000000087f00000|  0%| F|  |TAMS 0x0000000087e00000, 0x0000000087e00000| Untracked 
|  51|0x0000000087f00000, 0x0000000087f00000, 0x0000000088000000|  0%| F|  |TAMS 0x0000000087f00000, 0x0000000087f00000| Untracked 
|  52|0x0000000088000000, 0x0000000088000000, 0x0000000088100000|  0%| F|  |TAMS 0x0000000088000000, 0x0000000088000000| Untracked 
|  53|0x0000000088100000, 0x0000000088100000, 0x0000000088200000|  0%| F|  |TAMS 0x0000000088100000, 0x0000000088100000| Untracked 
|  54|0x0000000088200000, 0x0000000088200000, 0x0000000088300000|  0%| F|  |TAMS 0x0000000088200000, 0x0000000088200000| Untracked 
|  55|0x0000000088300000, 0x0000000088300000, 0x0000000088400000|  0%| F|  |TAMS 0x0000000088300000, 0x0000000088300000| Untracked 
|  56|0x0000000088400000, 0x0000000088400000, 0x0000000088500000|  0%| F|  |TAMS 0x0000000088400000, 0x0000000088400000| Untracked 
|  57|0x0000000088500000, 0x0000000088500000, 0x0000000088600000|  0%| F|  |TAMS 0x0000000088500000, 0x0000000088500000| Untracked 
|  58|0x0000000088600000, 0x0000000088600000, 0x0000000088700000|  0%| F|  |TAMS 0x0000000088600000, 0x0000000088600000| Untracked 
|  59|0x0000000088700000, 0x0000000088700000, 0x0000000088800000|  0%| F|  |TAMS 0x0000000088700000, 0x0000000088700000| Untracked 
|  60|0x0000000088800000, 0x0000000088800000, 0x0000000088900000|  0%| F|  |TAMS 0x0000000088800000, 0x0000000088800000| Untracked 
|  61|0x0000000088900000, 0x0000000088900000, 0x0000000088a00000|  0%| F|  |TAMS 0x0000000088900000, 0x0000000088900000| Untracked 
|  62|0x0000000088a00000, 0x0000000088a00000, 0x0000000088b00000|  0%| F|  |TAMS 0x0000000088a00000, 0x0000000088a00000| Untracked 
|  63|0x0000000088b00000, 0x0000000088b00000, 0x0000000088c00000|  0%| F|  |TAMS 0x0000000088b00000, 0x0000000088b00000| Untracked 
|  64|0x0000000088c00000, 0x0000000088c00000, 0x0000000088d00000|  0%| F|  |TAMS 0x0000000088c00000, 0x0000000088c00000| Untracked 
|  65|0x0000000088d00000, 0x0000000088d00000, 0x0000000088e00000|  0%| F|  |TAMS 0x0000000088d00000, 0x0000000088d00000| Untracked 
|  66|0x0000000088e00000, 0x0000000088e00000, 0x0000000088f00000|  0%| F|  |TAMS 0x0000000088e00000, 0x0000000088e00000| Untracked 
|  67|0x0000000088f00000, 0x0000000088f00000, 0x0000000089000000|  0%| F|  |TAMS 0x0000000088f00000, 0x0000000088f00000| Untracked 
|  68|0x0000000089000000, 0x0000000089000000, 0x0000000089100000|  0%| F|  |TAMS 0x0000000089000000, 0x0000000089000000| Untracked 
|  69|0x0000000089100000, 0x0000000089100000, 0x0000000089200000|  0%| F|  |TAMS 0x0000000089100000, 0x0000000089100000| Untracked 
|  70|0x0000000089200000, 0x0000000089200000, 0x0000000089300000|  0%| F|  |TAMS 0x0000000089200000, 0x0000000089200000| Untracked 
|  71|0x0000000089300000, 0x0000000089300000, 0x0000000089400000|  0%| F|  |TAMS 0x0000000089300000, 0x0000000089300000| Untracked 
|  72|0x0000000089400000, 0x0000000089400000, 0x0000000089500000|  0%| F|  |TAMS 0x0000000089400000, 0x0000000089400000| Untracked 
|  73|0x0000000089500000, 0x0000000089500000, 0x0000000089600000|  0%| F|  |TAMS 0x0000000089500000, 0x0000000089500000| Untracked 
|  74|0x0000000089600000, 0x0000000089600000, 0x0000000089700000|  0%| F|  |TAMS 0x0000000089600000, 0x0000000089600000| Untracked 
|  75|0x0000000089700000, 0x0000000089700000, 0x0000000089800000|  0%| F|  |TAMS 0x0000000089700000, 0x0000000089700000| Untracked 
|  76|0x0000000089800000, 0x0000000089800000, 0x0000000089900000|  0%| F|  |TAMS 0x0000000089800000, 0x0000000089800000| Untracked 
|  77|0x0000000089900000, 0x0000000089900000, 0x0000000089a00000|  0%| F|  |TAMS 0x0000000089900000, 0x0000000089900000| Untracked 
|  78|0x0000000089a00000, 0x0000000089a00000, 0x0000000089b00000|  0%| F|  |TAMS 0x0000000089a00000, 0x0000000089a00000| Untracked 
|  79|0x0000000089b00000, 0x0000000089b00000, 0x0000000089c00000|  0%| F|  |TAMS 0x0000000089b00000, 0x0000000089b00000| Untracked 
|  80|0x0000000089c00000, 0x0000000089c00000, 0x0000000089d00000|  0%| F|  |TAMS 0x0000000089c00000, 0x0000000089c00000| Untracked 
|  81|0x0000000089d00000, 0x0000000089d00000, 0x0000000089e00000|  0%| F|  |TAMS 0x0000000089d00000, 0x0000000089d00000| Untracked 
|  82|0x0000000089e00000, 0x0000000089e00000, 0x0000000089f00000|  0%| F|  |TAMS 0x0000000089e00000, 0x0000000089e00000| Untracked 
|  83|0x0000000089f00000, 0x0000000089f00000, 0x000000008a000000|  0%| F|  |TAMS 0x0000000089f00000, 0x0000000089f00000| Untracked 
|  84|0x000000008a000000, 0x000000008a000000, 0x000000008a100000|  0%| F|  |TAMS 0x000000008a000000, 0x000000008a000000| Untracked 
|  85|0x000000008a100000, 0x000000008a100000, 0x000000008a200000|  0%| F|  |TAMS 0x000000008a100000, 0x000000008a100000| Untracked 
|  86|0x000000008a200000, 0x000000008a200000, 0x000000008a300000|  0%| F|  |TAMS 0x000000008a200000, 0x000000008a200000| Untracked 
|  87|0x000000008a300000, 0x000000008a300000, 0x000000008a400000|  0%| F|  |TAMS 0x000000008a300000, 0x000000008a300000| Untracked 
|  88|0x000000008a400000, 0x000000008a400000, 0x000000008a500000|  0%| F|  |TAMS 0x000000008a400000, 0x000000008a400000| Untracked 
|  89|0x000000008a500000, 0x000000008a500000, 0x000000008a600000|  0%| F|  |TAMS 0x000000008a500000, 0x000000008a500000| Untracked 
|  90|0x000000008a600000, 0x000000008a600000, 0x000000008a700000|  0%| F|  |TAMS 0x000000008a600000, 0x000000008a600000| Untracked 
|  91|0x000000008a700000, 0x000000008a700000, 0x000000008a800000|  0%| F|  |TAMS 0x000000008a700000, 0x000000008a700000| Untracked 
|  92|0x000000008a800000, 0x000000008a800000, 0x000000008a900000|  0%| F|  |TAMS 0x000000008a800000, 0x000000008a800000| Untracked 
|  93|0x000000008a900000, 0x000000008a900000, 0x000000008aa00000|  0%| F|  |TAMS 0x000000008a900000, 0x000000008a900000| Untracked 
|  94|0x000000008aa00000, 0x000000008aa00000, 0x000000008ab00000|  0%| F|  |TAMS 0x000000008aa00000, 0x000000008aa00000| Untracked 
|  95|0x000000008ab00000, 0x000000008ab00000, 0x000000008ac00000|  0%| F|  |TAMS 0x000000008ab00000, 0x000000008ab00000| Untracked 
|  96|0x000000008ac00000, 0x000000008ac00000, 0x000000008ad00000|  0%| F|  |TAMS 0x000000008ac00000, 0x000000008ac00000| Untracked 
|  97|0x000000008ad00000, 0x000000008ad00000, 0x000000008ae00000|  0%| F|  |TAMS 0x000000008ad00000, 0x000000008ad00000| Untracked 
|  98|0x000000008ae00000, 0x000000008ae00000, 0x000000008af00000|  0%| F|  |TAMS 0x000000008ae00000, 0x000000008ae00000| Untracked 
|  99|0x000000008af00000, 0x000000008af00000, 0x000000008b000000|  0%| F|  |TAMS 0x000000008af00000, 0x000000008af00000| Untracked 
| 100|0x000000008b000000, 0x000000008b000000, 0x000000008b100000|  0%| F|  |TAMS 0x000000008b000000, 0x000000008b000000| Untracked 
| 101|0x000000008b100000, 0x000000008b100000, 0x000000008b200000|  0%| F|  |TAMS 0x000000008b100000, 0x000000008b100000| Untracked 
| 102|0x000000008b200000, 0x000000008b200000, 0x000000008b300000|  0%| F|  |TAMS 0x000000008b200000, 0x000000008b200000| Untracked 
| 103|0x000000008b300000, 0x000000008b300000, 0x000000008b400000|  0%| F|  |TAMS 0x000000008b300000, 0x000000008b300000| Untracked 
| 104|0x000000008b400000, 0x000000008b400000, 0x000000008b500000|  0%| F|  |TAMS 0x000000008b400000, 0x000000008b400000| Untracked 
| 105|0x000000008b500000, 0x000000008b500000, 0x000000008b600000|  0%| F|  |TAMS 0x000000008b500000, 0x000000008b500000| Untracked 
| 106|0x000000008b600000, 0x000000008b600000, 0x000000008b700000|  0%| F|  |TAMS 0x000000008b600000, 0x000000008b600000| Untracked 
| 107|0x000000008b700000, 0x000000008b700000, 0x000000008b800000|  0%| F|  |TAMS 0x000000008b700000, 0x000000008b700000| Untracked 
| 108|0x000000008b800000, 0x000000008b800000, 0x000000008b900000|  0%| F|  |TAMS 0x000000008b800000, 0x000000008b800000| Untracked 
| 109|0x000000008b900000, 0x000000008b900000, 0x000000008ba00000|  0%| F|  |TAMS 0x000000008b900000, 0x000000008b900000| Untracked 
| 110|0x000000008ba00000, 0x000000008ba00000, 0x000000008bb00000|  0%| F|  |TAMS 0x000000008ba00000, 0x000000008ba00000| Untracked 
| 111|0x000000008bb00000, 0x000000008bb00000, 0x000000008bc00000|  0%| F|  |TAMS 0x000000008bb00000, 0x000000008bb00000| Untracked 
| 112|0x000000008bc00000, 0x000000008bc9f178, 0x000000008bd00000| 62%| S|CS|TAMS 0x000000008bc00000, 0x000000008bc00000| Complete 
| 113|0x000000008bd00000, 0x000000008bd00000, 0x000000008be00000|  0%| F|  |TAMS 0x000000008bd00000, 0x000000008bd00000| Untracked 
| 114|0x000000008be00000, 0x000000008be00000, 0x000000008bf00000|  0%| F|  |TAMS 0x000000008be00000, 0x000000008be00000| Untracked 
| 115|0x000000008bf00000, 0x000000008bf00000, 0x000000008c000000|  0%| F|  |TAMS 0x000000008bf00000, 0x000000008bf00000| Untracked 
| 116|0x000000008c000000, 0x000000008c000000, 0x000000008c100000|  0%| F|  |TAMS 0x000000008c000000, 0x000000008c000000| Untracked 
| 117|0x000000008c100000, 0x000000008c100000, 0x000000008c200000|  0%| F|  |TAMS 0x000000008c100000, 0x000000008c100000| Untracked 
| 118|0x000000008c200000, 0x000000008c200000, 0x000000008c300000|  0%| F|  |TAMS 0x000000008c200000, 0x000000008c200000| Untracked 
| 119|0x000000008c300000, 0x000000008c3cfe28, 0x000000008c400000| 81%| E|  |TAMS 0x000000008c300000, 0x000000008c300000| Complete 
| 120|0x000000008c400000, 0x000000008c500000, 0x000000008c500000|100%| E|CS|TAMS 0x000000008c400000, 0x000000008c400000| Complete 
| 121|0x000000008c500000, 0x000000008c600000, 0x000000008c600000|100%| E|CS|TAMS 0x000000008c500000, 0x000000008c500000| Complete 
| 122|0x000000008c600000, 0x000000008c700000, 0x000000008c700000|100%| E|CS|TAMS 0x000000008c600000, 0x000000008c600000| Complete 
| 123|0x000000008c700000, 0x000000008c800000, 0x000000008c800000|100%| E|CS|TAMS 0x000000008c700000, 0x000000008c700000| Complete 

Card table byte_map: [0x000000001a450000,0x000000001a830000] _byte_map_base: 0x000000001a02a000

Marking Bits (Prev, Next): (CMBitMap*) 0x00000000003eba58, (CMBitMap*) 0x00000000003eba98
 Prev Bits: [0x000000001ac10000, 0x000000001cae0000)
 Next Bits: [0x000000001cae0000, 0x000000001e9b0000)

Polling page: 0x0000000000230000

Metaspace:

Usage:
  Non-class:      8.10 MB capacity,     7.51 MB ( 93%) used,   589.48 KB (  7%) free+waste,    11.94 KB ( <1%) overhead. 
      Class:      1.39 MB capacity,     1.31 MB ( 95%) used,    67.71 KB (  5%) free+waste,     6.25 KB ( <1%) overhead. 
       Both:      9.48 MB capacity,     8.82 MB ( 93%) used,   657.20 KB (  7%) free+waste,    18.19 KB ( <1%) overhead. 

Virtual space:
  Non-class space:       10.00 MB reserved,       8.25 MB ( 83%) committed 
      Class space:        1.00 GB reserved,       1.50 MB ( <1%) committed 
             Both:        1.01 GB reserved,       9.75 MB ( <1%) committed 

Chunk freelists:
   Non-Class:  3.63 KB
       Class:  2.63 KB
        Both:  6.25 KB

CodeHeap 'non-profiled nmethods': size=120064Kb used=426Kb max_used=426Kb free=119637Kb
 bounds [0x0000000012600000, 0x0000000012870000, 0x0000000019b40000]
CodeHeap 'profiled nmethods': size=120000Kb used=2339Kb max_used=2339Kb free=117661Kb
 bounds [0x000000000b0d0000, 0x000000000b340000, 0x0000000012600000]
CodeHeap 'non-nmethods': size=5696Kb used=1193Kb max_used=1211Kb free=4502Kb
 bounds [0x000000000ab40000, 0x000000000adb0000, 0x000000000b0d0000]
 total_blobs=1878 nmethods=1215 adapters=317
 compilation: enabled
              stopped_count=0, restarted_count=0
 full_count=0

Compilation events (10 events):
Event: 1.156 Thread 0x0000000021f76800 1210       3       java.util.Vector::add (23 bytes)
Event: 1.157 Thread 0x0000000021f76800 nmethod 1210 0x000000000b316e90 code [0x000000000b3170a0, 0x000000000b3176c0]
Event: 1.157 Thread 0x0000000021f76800 1211       1       java.util.concurrent.atomic.AtomicLong::get (5 bytes)
Event: 1.157 Thread 0x0000000021f76800 nmethod 1211 0x0000000012669c90 code [0x0000000012669e40, 0x0000000012669f78]
Event: 1.157 Thread 0x0000000021f76800 1212       3       java.util.Random::next (47 bytes)
Event: 1.157 Thread 0x0000000021f76800 nmethod 1212 0x000000000b317910 code [0x000000000b317ae0, 0x000000000b317e18]
Event: 1.161 Thread 0x0000000021f76800 1213       3       main.Softwarehuset::getEmployeeList (4 bytes)
Event: 1.161 Thread 0x0000000021f76800 nmethod 1213 0x000000000b317f90 code [0x000000000b318140, 0x000000000b3182d8]
Event: 2101.092 Thread 0x0000000021f76800 1215       3       java.lang.ref.ReferenceQueue::reallyPoll (65 bytes)
Event: 2101.093 Thread 0x0000000021f76800 nmethod 1215 0x000000000b318390 code [0x000000000b318580, 0x000000000b318b18]

GC Heap History (4 events):
Event: 0.722 GC heap before
{Heap before GC invocations=0 (full 0):
 garbage-first heap   total 126976K, used 14336K [0x0000000084c00000, 0x0000000100000000)
  region size 1024K, 14 young (14336K), 0 survivors (0K)
 Metaspace       used 5717K, capacity 6671K, committed 6784K, reserved 1056768K
  class space    used 716K, capacity 796K, committed 896K, reserved 1048576K
}
Event: 0.725 GC heap after
{Heap after GC invocations=1 (full 0):
 garbage-first heap   total 126976K, used 2840K [0x0000000084c00000, 0x0000000100000000)
  region size 1024K, 2 young (2048K), 2 survivors (2048K)
 Metaspace       used 5717K, capacity 6671K, committed 6784K, reserved 1056768K
  class space    used 716K, capacity 796K, committed 896K, reserved 1048576K
}
Event: 1.015 GC heap before
{Heap before GC invocations=1 (full 0):
 garbage-first heap   total 126976K, used 14104K [0x0000000084c00000, 0x0000000100000000)
  region size 1024K, 13 young (13312K), 2 survivors (2048K)
 Metaspace       used 8021K, capacity 8828K, committed 8960K, reserved 1056768K
  class space    used 1167K, capacity 1254K, committed 1280K, reserved 1048576K
}
Event: 1.018 GC heap after
{Heap after GC invocations=2 (full 0):
 garbage-first heap   total 126976K, used 3568K [0x0000000084c00000, 0x0000000100000000)
  region size 1024K, 1 young (1024K), 1 survivors (1024K)
 Metaspace       used 8021K, capacity 8828K, committed 8960K, reserved 1056768K
  class space    used 1167K, capacity 1254K, committed 1280K, reserved 1048576K
}

Deoptimization events (10 events):
Event: 0.934 Thread 0x00000000003b0800 Uncommon trap: reason=unstable_if action=reinterpret pc=0x00000000126447e4 method=java.lang.StringLatin1.canEncode(I)Z @ 4 c2
Event: 0.934 Thread 0x00000000003b0800 Uncommon trap: reason=unstable_if action=reinterpret pc=0x0000000012643e88 method=java.lang.AbstractStringBuilder.isLatin1()Z @ 10 c2
Event: 0.954 Thread 0x00000000003b0800 Uncommon trap: reason=unstable_if action=reinterpret pc=0x000000001260a548 method=java.lang.String.equals(Ljava/lang/Object;)Z @ 27 c2
Event: 0.973 Thread 0x00000000003b0800 Uncommon trap: reason=unstable_if action=reinterpret pc=0x0000000012606e60 method=java.lang.String.isLatin1()Z @ 10 c2
Event: 1.008 Thread 0x00000000003b0800 Uncommon trap: reason=unstable_if action=reinterpret pc=0x0000000012657688 method=java.lang.String.replace(CC)Ljava/lang/String; @ 9 c2
Event: 1.048 Thread 0x00000000003b0800 Uncommon trap: reason=unstable_if action=reinterpret pc=0x00000000126323ec method=java.lang.AbstractStringBuilder.putStringAt(ILjava/lang/String;)V @ 8 c2
Event: 1.048 Thread 0x00000000003b0800 Uncommon trap: reason=unstable_if action=reinterpret pc=0x00000000126330c8 method=java.lang.AbstractStringBuilder.putStringAt(ILjava/lang/String;)V @ 8 c2
Event: 1.048 Thread 0x00000000003b0800 Uncommon trap: reason=unstable_if action=reinterpret pc=0x0000000012633928 method=java.lang.String.getBytes([BIB)V @ 5 c2
Event: 1.094 Thread 0x00000000003b0800 Uncommon trap: reason=unstable_if action=reinterpret pc=0x0000000012635d4c method=java.lang.String.startsWith(Ljava/lang/String;I)Z @ 46 c2
Event: 1.096 Thread 0x00000000003b0800 Uncommon trap: reason=unstable_if action=reinterpret pc=0x000000001263ae0c method=java.lang.String.substring(II)Ljava/lang/String; @ 31 c2

Classes redefined (10 events):
Event: 558.878 Thread 0x0000000021336000 redefined class name=whiteBox3, count=5
Event: 609.247 Thread 0x0000000021336000 redefined class name=whiteBox3, count=6
Event: 868.248 Thread 0x0000000021336000 redefined class name=whiteBox3, count=7
Event: 880.167 Thread 0x0000000021336000 redefined class name=whiteBox3, count=8
Event: 997.811 Thread 0x0000000021336000 redefined class name=whiteBox3, count=9
Event: 1113.877 Thread 0x0000000021336000 redefined class name=whiteBox3, count=10
Event: 1318.875 Thread 0x0000000021336000 redefined class name=whiteBox3, count=11
Event: 1442.541 Thread 0x0000000021336000 redefined class name=whiteBox3, count=12
Event: 1515.132 Thread 0x0000000021336000 redefined class name=whiteBox3, count=13
Event: 1591.620 Thread 0x0000000021336000 redefined class name=whiteBox3, count=14

Internal exceptions (2 events):
Event: 0.509 Thread 0x00000000003b0800 Exception <a 'java/lang/IncompatibleClassChangeError'{0x000000008c01a318}: Found class java.lang.Object, but interface was expected> (0x000000008c01a318) thrown at [t:/workspace/open/src/hotspot/share/interpreter/linkResolver.cpp, line 843]
Event: 0.534 Thread 0x00000000003b0800 Exception <a 'java/lang/NoSuchMethodError'{0x000000008c0a2930}: java.lang.invoke.DirectMethodHandle$Holder.invokeSpecialIFC(Ljava/lang/Object;Ljava/lang/Object;I)I> (0x000000008c0a2930) thrown at [t:/workspace/open/src/hotspot/share/interpreter/linkResolv

Events (10 events):
Event: 4563.399 Executing VM operation: GetCurrentContendedMonitor done
Event: 4563.399 Executing VM operation: GetOwnedMonitorInfo
Event: 4563.399 Executing VM operation: GetOwnedMonitorInfo done
Event: 4563.565 Executing VM operation: GetCurrentContendedMonitor
Event: 4563.565 Executing VM operation: GetCurrentContendedMonitor done
Event: 4563.565 Executing VM operation: GetOwnedMonitorInfo
Event: 4563.565 Executing VM operation: GetOwnedMonitorInfo done
Event: 4604.303 Executing VM operation: GetFrameLocation
Event: 4604.303 Executing VM operation: GetFrameLocation done
Event: 4604.303 Executing VM operation: GetOrSetLocal


Dynamic libraries:
0x000000013f6a0000 - 0x000000013f6af000 	C:\Program Files\Java\jdk-12.0.1\bin\javaw.exe
0x00000000778a0000 - 0x0000000077a4a000 	C:\Windows\SYSTEM32\ntdll.dll
0x0000000077680000 - 0x000000007779f000 	C:\Windows\system32\kernel32.dll
0x000007fefd7c0000 - 0x000007fefd82a000 	C:\Windows\system32\KERNELBASE.dll
0x000007fef2a50000 - 0x000007fef2a68000 	C:\Program Files\Java\jdk-12.0.1\bin\jli.dll
0x000007fefee20000 - 0x000007fefeefb000 	C:\Windows\system32\ADVAPI32.dll
0x000007fefef00000 - 0x000007fefef9f000 	C:\Windows\system32\msvcrt.dll
0x000007fefdf50000 - 0x000007fefdf6f000 	C:\Windows\SYSTEM32\sechost.dll
0x000007feff090000 - 0x000007feff1bd000 	C:\Windows\system32\RPCRT4.dll
0x000007fefbc40000 - 0x000007fefbe34000 	C:\Windows\WinSxS\amd64_microsoft.windows.common-controls_6595b64144ccf1df_6.0.7601.18837_none_fa3b1e3d17594757\COMCTL32.dll
0x000007fefefa0000 - 0x000007feff007000 	C:\Windows\system32\GDI32.dll
0x00000000777a0000 - 0x000000007789a000 	C:\Windows\system32\USER32.dll
0x000007fefe080000 - 0x000007fefe08e000 	C:\Windows\system32\LPK.dll
0x000007fefddd0000 - 0x000007fefde9a000 	C:\Windows\system32\USP10.dll
0x000007fefda80000 - 0x000007fefdaf1000 	C:\Windows\system32\SHLWAPI.dll
0x000007fefc690000 - 0x000007fefc69c000 	C:\Windows\system32\VERSION.dll
0x000007fef1e00000 - 0x000007fef1e16000 	C:\Program Files\Java\jdk-12.0.1\bin\VCRUNTIME140.dll
0x000007fef1df0000 - 0x000007fef1df4000 	C:\Program Files\Java\jdk-12.0.1\bin\api-ms-win-crt-runtime-l1-1-0.dll
0x000007fee0e40000 - 0x000007fee0f36000 	C:\Program Files\Java\jdk-12.0.1\bin\ucrtbase.DLL
0x000007fef1de0000 - 0x000007fef1de3000 	C:\Program Files\Java\jdk-12.0.1\bin\api-ms-win-core-localization-l1-2-0.dll
0x000007fef1dd0000 - 0x000007fef1dd3000 	C:\Program Files\Java\jdk-12.0.1\bin\api-ms-win-core-processthreads-l1-1-1.dll
0x000007fef1dc0000 - 0x000007fef1dc3000 	C:\Program Files\Java\jdk-12.0.1\bin\api-ms-win-core-file-l1-2-0.dll
0x000007fef1db0000 - 0x000007fef1db3000 	C:\Program Files\Java\jdk-12.0.1\bin\api-ms-win-core-timezone-l1-1-0.dll
0x000007fef05f0000 - 0x000007fef05f3000 	C:\Program Files\Java\jdk-12.0.1\bin\api-ms-win-core-file-l2-1-0.dll
0x000007fef05e0000 - 0x000007fef05e3000 	C:\Program Files\Java\jdk-12.0.1\bin\api-ms-win-core-synch-l1-2-0.dll
0x000007feef1c0000 - 0x000007feef1c4000 	C:\Program Files\Java\jdk-12.0.1\bin\api-ms-win-crt-string-l1-1-0.dll
0x000007feef1b0000 - 0x000007feef1b3000 	C:\Program Files\Java\jdk-12.0.1\bin\api-ms-win-crt-heap-l1-1-0.dll
0x000007feeee70000 - 0x000007feeee74000 	C:\Program Files\Java\jdk-12.0.1\bin\api-ms-win-crt-stdio-l1-1-0.dll
0x000007feeee60000 - 0x000007feeee64000 	C:\Program Files\Java\jdk-12.0.1\bin\api-ms-win-crt-convert-l1-1-0.dll
0x000007fee3b60000 - 0x000007fee3b63000 	C:\Program Files\Java\jdk-12.0.1\bin\api-ms-win-crt-environment-l1-1-0.dll
0x000007fee3b50000 - 0x000007fee3b53000 	C:\Program Files\Java\jdk-12.0.1\bin\api-ms-win-crt-filesystem-l1-1-0.dll
0x000007fee3b40000 - 0x000007fee3b45000 	C:\Program Files\Java\jdk-12.0.1\bin\api-ms-win-crt-math-l1-1-0.dll
0x000007fee3b30000 - 0x000007fee3b33000 	C:\Program Files\Java\jdk-12.0.1\bin\api-ms-win-crt-locale-l1-1-0.dll
0x000007fefe050000 - 0x000007fefe07e000 	C:\Windows\system32\IMM32.DLL
0x000007feff430000 - 0x000007feff539000 	C:\Windows\system32\MSCTF.dll
0x000007fee0c60000 - 0x000007fee0d0a000 	C:\Program Files\Java\jdk-12.0.1\bin\msvcp140.dll
0x000007fee2e40000 - 0x000007fee2e45000 	C:\Program Files\Java\jdk-12.0.1\bin\api-ms-win-crt-multibyte-l1-1-0.dll
0x000007fee2a50000 - 0x000007fee2a53000 	C:\Program Files\Java\jdk-12.0.1\bin\api-ms-win-crt-time-l1-1-0.dll
0x000007fee2130000 - 0x000007fee2133000 	C:\Program Files\Java\jdk-12.0.1\bin\api-ms-win-crt-utility-l1-1-0.dll
0x000007fece020000 - 0x000007feceb94000 	C:\Program Files\Java\jdk-12.0.1\bin\server\jvm.dll
0x000007fef05d0000 - 0x000007fef05d9000 	C:\Windows\system32\WSOCK32.dll
0x000007fefda30000 - 0x000007fefda7d000 	C:\Windows\system32\WS2_32.dll
0x000007fefdea0000 - 0x000007fefdea8000 	C:\Windows\system32\NSI.dll
0x000007fef94d0000 - 0x000007fef950b000 	C:\Windows\system32\WINMM.dll
0x0000000077a60000 - 0x0000000077a67000 	C:\Windows\system32\PSAPI.DLL
0x000007fef2a90000 - 0x000007fef2aa1000 	C:\Program Files\Java\jdk-12.0.1\bin\verify.dll
0x000007fef5ac0000 - 0x000007fef5be5000 	C:\Windows\system32\DBGHELP.DLL
0x000007fef1b50000 - 0x000007fef1b76000 	C:\Program Files\Java\jdk-12.0.1\bin\java.dll
0x000007fee2050000 - 0x000007fee2088000 	C:\Program Files\Java\jdk-12.0.1\bin\jdwp.dll
0x000007fee20f0000 - 0x000007fee20fe000 	C:\Program Files\Java\jdk-12.0.1\bin\instrument.dll
0x000007fef2a30000 - 0x000007fef2a47000 	C:\Program Files\Java\jdk-12.0.1\bin\zip.dll
0x000007fefbb90000 - 0x000007fefbb9a000 	C:\Program Files\Java\jdk-12.0.1\bin\jimage.dll
0x000007fefe090000 - 0x000007fefee19000 	C:\Windows\system32\SHELL32.dll
0x000007feff220000 - 0x000007feff423000 	C:\Windows\system32\ole32.dll
0x000007fefd5d0000 - 0x000007fefd5df000 	C:\Windows\system32\profapi.dll
0x000007fee2100000 - 0x000007fee210a000 	C:\Program Files\Java\jdk-12.0.1\bin\dt_socket.dll
0x000007fefcd40000 - 0x000007fefcd95000 	C:\Windows\System32\mswsock.dll
0x000007fefcbd0000 - 0x000007fefcc2b000 	C:\Windows\system32\DNSAPI.dll
0x000007fefb110000 - 0x000007fefb137000 	C:\Windows\system32\IPHLPAPI.DLL
0x000007fefb060000 - 0x000007fefb06b000 	C:\Windows\system32\WINNSI.DLL
0x000007fefb000000 - 0x000007fefb053000 	C:\Windows\System32\fwpuclnt.dll
0x000007fefa1d0000 - 0x000007fefa1d8000 	C:\Windows\system32\rasadhlp.dll
0x000007fefcf90000 - 0x000007fefcf97000 	C:\Windows\System32\wship6.dll
0x000007fefc760000 - 0x000007fefc767000 	C:\Windows\System32\wshtcpip.dll
0x000007fef29b0000 - 0x000007fef29c9000 	C:\Program Files\Java\jdk-12.0.1\bin\net.dll
0x000007fef7f60000 - 0x000007fef7fd1000 	C:\Windows\system32\WINHTTP.dll
0x000007fef6d60000 - 0x000007fef6dc5000 	C:\Windows\system32\webio.dll
0x000007feffa20000 - 0x000007feffba4000 	C:\Windows\system32\urlmon.dll
0x000007fefd600000 - 0x000007fefd604000 	C:\Windows\system32\api-ms-win-downlevel-ole32-l1-1-0.dll
0x000007fefd970000 - 0x000007fefd974000 	C:\Windows\system32\api-ms-win-downlevel-shlwapi-l1-1-0.dll
0x000007fefd900000 - 0x000007fefd905000 	C:\Windows\system32\api-ms-win-downlevel-advapi32-l1-1-0.dll
0x000007fefd980000 - 0x000007fefd984000 	C:\Windows\system32\api-ms-win-downlevel-user32-l1-1-0.dll
0x000007fefd5f0000 - 0x000007fefd5f4000 	C:\Windows\system32\api-ms-win-downlevel-version-l1-1-0.dll
0x000007fefd8f0000 - 0x000007fefd8f3000 	C:\Windows\system32\api-ms-win-downlevel-normaliz-l1-1-0.dll
0x0000000077a70000 - 0x0000000077a73000 	C:\Windows\system32\normaliz.DLL
0x000007fefdb00000 - 0x000007fefddca000 	C:\Windows\system32\iertutil.dll
0x000007feff740000 - 0x000007feffa12000 	C:\Windows\system32\WININET.dll
0x000007fefd950000 - 0x000007fefd96e000 	C:\Windows\system32\USERENV.dll
0x000007fef0680000 - 0x000007fef0693000 	C:\Program Files\Java\jdk-12.0.1\bin\nio.dll

dbghelp: loaded successfully - version: 4.0.5 - missing functions: none
symbol engine: initialized successfully - sym options: 0x614 - pdb path: .;C:\Program Files\Java\jdk-12.0.1\bin;C:\Windows\SYSTEM32;C:\Windows\WinSxS\amd64_microsoft.windows.common-controls_6595b64144ccf1df_6.0.7601.18837_none_fa3b1e3d17594757;C:\Program Files\Java\jdk-12.0.1\bin\server

VM Arguments:
jvm_args: -agentlib:jdwp=transport=dt_socket,suspend=y,address=localhost:51751 -ea -javaagent:C:\Users\tala\eclipse\java-latest-released\eclipse\configuration\org.eclipse.osgi\224\0\.cp\lib\javaagent-shaded.jar -Dfile.encoding=Cp1256 
java_command: org.eclipse.jdt.internal.junit.runner.RemoteTestRunner -version 3 -port 51750 -testLoaderClass org.eclipse.jdt.internal.junit4.runner.JUnit4TestLoader -loaderpluginname org.eclipse.jdt.junit4.runtime -classNames whiteBox3
java_class_path (initial): C:\Users\tala\git\Softwarehuset\bin;C:\Users\tala\.p2\pool\plugins\org.junit_4.12.0.v201504281640\junit.jar;C:\Users\tala\.p2\pool\plugins\org.hamcrest.core_1.3.0.v20180420-1519.jar;C:\Users\tala\git\Softwarehuset\lib\byte-buddy-1.9.3.jar;C:\Users\tala\git\Softwarehuset\lib\byte-buddy-agent-1.9.3.jar;C:\Users\tala\git\Softwarehuset\lib\cucumber-core-4.2.2.jar;C:\Users\tala\git\Softwarehuset\lib\cucumber-expressions-6.2.0.jar;C:\Users\tala\git\Softwarehuset\lib\cucumber-html-0.2.7.jar;C:\Users\tala\git\Softwarehuset\lib\cucumber-java-4.2.2.jar;C:\Users\tala\git\Softwarehuset\lib\cucumber-junit-4.2.2.jar;C:\Users\tala\git\Softwarehuset\lib\cucumber-picocontainer-4.2.2.jar;C:\Users\tala\git\Softwarehuset\lib\datatable-1.1.12.jar;C:\Users\tala\git\Softwarehuset\lib\datatable-dependencies-1.1.12.jar;C:\Users\tala\git\Softwarehuset\lib\gherkin-5.1.0.jar;C:\Users\tala\git\Softwarehuset\lib\hamcrest-all-1.3.jar;C:\Users\tala\git\Softwarehuset\lib\hamcrest-core-1.3.jar;C:\Users\tala\git\Softwarehuset\lib\javax.mail-1.6.1.jar;C:\Users\tala\git\Softwarehuset\lib\junit-4.12.jar;C:\Users\tala\git\Softwarehuset\lib\maven-surefire-plugin-2.12.4.jar;C:\Users\tala\git\Softwarehuset\lib\mockito-core-2.23.4.jar;C:\Users\tala\git\Softwarehuset\lib\objenesis-2.6.jar;C:\Users\tala\git\Softwarehuset\lib\picocontainer-2.15.jar;C:\Users\tala\eclipse\java-latest-released\eclipse\configuration\org.eclipse.osgi\222\0\.cp;C:\Users\tala\eclipse\java-latest-released\eclipse\configuration\org.eclipse.osgi\221\0\.cp
Launcher Type: SUN_STANDARD

[Global flags]
     intx CICompilerCount                          = 3                                         {product} {ergonomic}
     uint ConcGCThreads                            = 1                                         {product} {ergonomic}
     uint G1ConcRefinementThreads                  = 4                                         {product} {ergonomic}
   size_t G1HeapRegionSize                         = 1048576                                   {product} {ergonomic}
    uintx GCDrainStackTargetSize                   = 64                                        {product} {ergonomic}
   size_t InitialHeapSize                          = 130023424                                 {product} {ergonomic}
   size_t MarkStackSize                            = 4194304                                   {product} {ergonomic}
   size_t MaxHeapSize                              = 2067791872                                {product} {ergonomic}
   size_t MaxNewSize                               = 1240465408                                {product} {ergonomic}
   size_t MinHeapDeltaBytes                        = 1048576                                   {product} {ergonomic}
    uintx NonNMethodCodeHeapSize                   = 5830732                                {pd product} {ergonomic}
    uintx NonProfiledCodeHeapSize                  = 122913754                              {pd product} {ergonomic}
    uintx ProfiledCodeHeapSize                     = 122913754                              {pd product} {ergonomic}
    uintx ReservedCodeCacheSize                    = 251658240                              {pd product} {ergonomic}
     bool SegmentedCodeCache                       = true                                      {product} {ergonomic}
     bool UseCompressedClassPointers               = true                                 {lp64_product} {ergonomic}
     bool UseCompressedOops                        = true                                 {lp64_product} {ergonomic}
     bool UseG1GC                                  = true                                      {product} {ergonomic}
     bool UseLargePagesIndividualAllocation        = false                                  {pd product} {ergonomic}

Logging:
Log output configuration:
 #0: stdout all=warning uptime,level,tags
 #1: stderr all=off uptime,level,tags

Environment Variables:
PATH=C:/Program Files/Java/jdk-12.0.1/bin/server;C:/Program Files/Java/jdk-12.0.1/bin;C:\Program Files (x86)\Google\Chrome\Application;C:\Windows\system32;C:\Windows;C:\Windows\System32\Wbem;C:\Windows\System32\WindowsPowerShell\v1.0\;C:\Users\tala\Downloads;
USERNAME=tala
OS=Windows_NT
PROCESSOR_IDENTIFIER=Intel64 Family 6 Model 58 Stepping 9, GenuineIntel



---------------  S Y S T E M  ---------------

OS: Windows 7 , 64 bit Build 7601 (6.1.7601.23572)

CPU:total 4 (initial active 4) (2 cores per cpu, 2 threads per core) family 6 model 58 stepping 9, cmov, cx8, fxsr, mmx, sse, sse2, sse3, ssse3, sse4.1, sse4.2, popcnt, avx, aes, clmul, erms, ht, tsc, tscinvbit, tscinv

Memory: 4k page, system-wide physical 7887M (2980M free)
TotalPageFile size 15773M (AvailPageFile size 9218M)
current process WorkingSet (physical memory assigned to process): 70M, peak: 76M
current process commit charge ("private bytes"): 226M, peak: 233M

vm_info: Java HotSpot(TM) 64-Bit Server VM (12.0.1+12) for windows-amd64 JRE (12.0.1+12), built on Apr  2 2019 14:02:19 by "mach5one" with MS VC++ 15.5 (VS2017)

END.
